<?xml version="1.0" encoding="UTF-8"?>
<!-- Generated by org.testng.reporters.JUnitXMLReporter -->
<testsuite ignored="0" hostname="DESKTOP-F6UNPI1" failures="0" tests="5" name="Test" time="65.531" errors="0" timestamp="2023-09-29T16:44:04 IST">
  <testcase classname="testPackage.ActiTimeValidTestCase" name="validLoginTestScript" time="0.313"/>
  <testcase classname="testPackage.ActiTimeInvalidTestCase" name="inValidLoginTestScript" time="17.564"/>
  <testcase classname="testPackage.ActiTimeCreateProjects_Customers" name="createValidCustomer_ProjectTestScript" time="14.103"/>
  <testcase classname="testPackage.ActiTimeCreateManagers" name="createNewManagerTestScript" time="2.994"/>
  <testcase classname="testPackage.ActiTimeDeleteTestCase" name="deleteTestScript" time="2.666"/>
</testsuite> <!-- Test -->
