<?xml version="1.0" encoding="UTF-8"?>
<!-- Generated by org.testng.reporters.JUnitXMLReporter -->
<testsuite ignored="0" hostname="DESKTOP-F6UNPI1" failures="1" tests="1" name="Default test(failed)" time="4.412" errors="0" timestamp="2023-09-27T19:51:08 IST">
  <testcase classname="testPackage.ActiTimeInvalidTestCase" name="inValidLoginTestScript" time="0.083">
    <failure type="java.io.FileNotFoundException" message=".\src\test\resoueces\ActiTimeTestData.xlsx (The system cannot find the path specified)">
      <![CDATA[java.io.FileNotFoundException: .\src\test\resoueces\ActiTimeTestData.xlsx (The system cannot find the path specified)
at java.base/java.io.FileInputStream.open0(Native Method)
at java.base/java.io.FileInputStream.open(FileInputStream.java:216)
at java.base/java.io.FileInputStream.<init>(FileInputStream.java:157)
at java.base/java.io.FileInputStream.<init>(FileInputStream.java:111)
at genericPackage.Flib.getLastRowCount(Flib.java:47)
at testPackage.ActiTimeInvalidTestCase.inValidLoginTestScript(ActiTimeInvalidTestCase.java:22)
at java.base/java.util.ArrayList.forEach(ArrayList.java:1511)
... Removed 27 stack frames]]>
    </failure>
  </testcase> <!-- inValidLoginTestScript -->
</testsuite> <!-- Default test(failed) -->
