<?xml version="1.0" encoding="UTF-8"?>
<!-- Generated by org.testng.reporters.JUnitXMLReporter -->
<testsuite ignored="0" hostname="DESKTOP-F6UNPI1" failures="2" tests="2" name="Test(failed)" time="21.201" errors="0" timestamp="2023-09-18T14:34:30 IST">
  <testcase classname="testNGAnnotation_Flags.GoogleSearchTestCase" name="search_for_selenium" time="0.012">
    <failure type="java.lang.NullPointerException" message="Cannot invoke &amp;quot;org.openqa.selenium.WebDriver.switchTo()&amp;quot; because &amp;quot;testNGAnnotation_Flags.GoogleSearchTestCase.driver&amp;quot; is null">
      <![CDATA[java.lang.NullPointerException: Cannot invoke "org.openqa.selenium.WebDriver.switchTo()" because "testNGAnnotation_Flags.GoogleSearchTestCase.driver" is null
at testNGAnnotation_Flags.GoogleSearchTestCase.search_for_selenium(GoogleSearchTestCase.java:17)
at java.base/java.util.ArrayList.forEach(ArrayList.java:1511)
at java.base/java.util.concurrent.FutureTask.run(FutureTask.java:264)
at java.base/java.util.concurrent.ThreadPoolExecutor.runWorker(ThreadPoolExecutor.java:1136)
at java.base/java.util.concurrent.ThreadPoolExecutor$Worker.run(ThreadPoolExecutor.java:635)
at java.base/java.lang.Thread.run(Thread.java:833)
... Removed 17 stack frames]]>
    </failure>
  </testcase> <!-- search_for_selenium -->
  <testcase classname="testNGAnnotation_Flags.GoogleSearchTestCase" name="search_for_java" time="0.006">
    <failure type="java.lang.NullPointerException" message="Cannot invoke &amp;quot;org.openqa.selenium.WebDriver.switchTo()&amp;quot; because &amp;quot;testNGAnnotation_Flags.GoogleSearchTestCase.driver&amp;quot; is null">
      <![CDATA[java.lang.NullPointerException: Cannot invoke "org.openqa.selenium.WebDriver.switchTo()" because "testNGAnnotation_Flags.GoogleSearchTestCase.driver" is null
at testNGAnnotation_Flags.GoogleSearchTestCase.search_for_java(GoogleSearchTestCase.java:12)
at java.base/java.util.ArrayList.forEach(ArrayList.java:1511)
at java.base/java.util.concurrent.FutureTask.run(FutureTask.java:264)
at java.base/java.util.concurrent.ThreadPoolExecutor.runWorker(ThreadPoolExecutor.java:1136)
at java.base/java.util.concurrent.ThreadPoolExecutor$Worker.run(ThreadPoolExecutor.java:635)
at java.base/java.lang.Thread.run(Thread.java:833)
... Removed 17 stack frames]]>
    </failure>
  </testcase> <!-- search_for_java -->
</testsuite> <!-- Test(failed) -->
