<?xml version="1.0" encoding="UTF-8"?>
<testng-results ignored="0" total="5" passed="5" failed="0" skipped="0">
  <reporter-output>
  </reporter-output>
  <suite started-at="2023-09-29T16:42:58 IST" name="Suite" finished-at="2023-09-29T16:44:04 IST" duration-ms="65531">
    <groups>
    </groups>
    <test started-at="2023-09-29T16:42:58 IST" name="Test" finished-at="2023-09-29T16:44:04 IST" duration-ms="65531">
      <class name="testPackage.ActiTimeDeleteTestCase">
        <test-method is-config="true" signature="setUp()[pri:0, instance:testPackage.ActiTimeDeleteTestCase@196a42c3]" started-at="2023-09-29T16:43:59 IST" name="setUp" finished-at="2023-09-29T16:44:01 IST" duration-ms="1760" status="PASS">
          <reporter-output>
          </reporter-output>
        </test-method> <!-- setUp -->
        <test-method signature="deleteTestScript()[pri:0, instance:testPackage.ActiTimeDeleteTestCase@196a42c3]" started-at="2023-09-29T16:44:01 IST" name="deleteTestScript" finished-at="2023-09-29T16:44:03 IST" duration-ms="2666" status="PASS">
          <reporter-output>
          </reporter-output>
        </test-method> <!-- deleteTestScript -->
        <test-method is-config="true" signature="tearDown()[pri:0, instance:testPackage.ActiTimeDeleteTestCase@196a42c3]" started-at="2023-09-29T16:44:03 IST" name="tearDown" finished-at="2023-09-29T16:44:04 IST" duration-ms="338" status="PASS">
          <reporter-output>
          </reporter-output>
        </test-method> <!-- tearDown -->
      </class> <!-- testPackage.ActiTimeDeleteTestCase -->
      <class name="testPackage.ActiTimeCreateManagers">
        <test-method is-config="true" signature="setUp()[pri:0, instance:testPackage.ActiTimeCreateManagers@79e4c792]" started-at="2023-09-29T16:43:50 IST" name="setUp" finished-at="2023-09-29T16:43:56 IST" duration-ms="5975" status="PASS">
          <reporter-output>
          </reporter-output>
        </test-method> <!-- setUp -->
        <test-method signature="createNewManagerTestScript()[pri:0, instance:testPackage.ActiTimeCreateManagers@79e4c792]" started-at="2023-09-29T16:43:56 IST" name="createNewManagerTestScript" finished-at="2023-09-29T16:43:59 IST" duration-ms="2994" status="PASS">
          <reporter-output>
          </reporter-output>
        </test-method> <!-- createNewManagerTestScript -->
        <test-method is-config="true" signature="tearDown()[pri:0, instance:testPackage.ActiTimeCreateManagers@79e4c792]" started-at="2023-09-29T16:43:59 IST" name="tearDown" finished-at="2023-09-29T16:43:59 IST" duration-ms="331" status="PASS">
          <reporter-output>
          </reporter-output>
        </test-method> <!-- tearDown -->
      </class> <!-- testPackage.ActiTimeCreateManagers -->
      <class name="testPackage.ActiTimeValidTestCase">
        <test-method is-config="true" signature="setUp()[pri:0, instance:testPackage.ActiTimeValidTestCase@1ed4ae0f]" started-at="2023-09-29T16:42:58 IST" name="setUp" finished-at="2023-09-29T16:43:02 IST" duration-ms="3364" status="PASS">
          <reporter-output>
          </reporter-output>
        </test-method> <!-- setUp -->
        <test-method signature="validLoginTestScript()[pri:0, instance:testPackage.ActiTimeValidTestCase@1ed4ae0f]" started-at="2023-09-29T16:43:02 IST" name="validLoginTestScript" finished-at="2023-09-29T16:43:02 IST" duration-ms="313" status="PASS">
          <reporter-output>
          </reporter-output>
        </test-method> <!-- validLoginTestScript -->
        <test-method is-config="true" signature="tearDown()[pri:0, instance:testPackage.ActiTimeValidTestCase@1ed4ae0f]" started-at="2023-09-29T16:43:02 IST" name="tearDown" finished-at="2023-09-29T16:43:02 IST" duration-ms="290" status="PASS">
          <reporter-output>
          </reporter-output>
        </test-method> <!-- tearDown -->
      </class> <!-- testPackage.ActiTimeValidTestCase -->
      <class name="testPackage.ActiTimeCreateProjects_Customers">
        <test-method is-config="true" signature="setUp()[pri:0, instance:testPackage.ActiTimeCreateProjects_Customers@17f9d882]" started-at="2023-09-29T16:43:29 IST" name="setUp" finished-at="2023-09-29T16:43:35 IST" duration-ms="6126" status="PASS">
          <reporter-output>
          </reporter-output>
        </test-method> <!-- setUp -->
        <test-method signature="createValidCustomer_ProjectTestScript()[pri:0, instance:testPackage.ActiTimeCreateProjects_Customers@17f9d882]" started-at="2023-09-29T16:43:35 IST" name="createValidCustomer_ProjectTestScript" finished-at="2023-09-29T16:43:49 IST" duration-ms="14103" status="PASS">
          <reporter-output>
          </reporter-output>
        </test-method> <!-- createValidCustomer_ProjectTestScript -->
        <test-method is-config="true" signature="tearDown()[pri:0, instance:testPackage.ActiTimeCreateProjects_Customers@17f9d882]" started-at="2023-09-29T16:43:49 IST" name="tearDown" finished-at="2023-09-29T16:43:50 IST" duration-ms="305" status="PASS">
          <reporter-output>
          </reporter-output>
        </test-method> <!-- tearDown -->
      </class> <!-- testPackage.ActiTimeCreateProjects_Customers -->
      <class name="testPackage.ActiTimeInvalidTestCase">
        <test-method is-config="true" signature="setUp()[pri:0, instance:testPackage.ActiTimeInvalidTestCase@1c5920df]" started-at="2023-09-29T16:43:02 IST" name="setUp" finished-at="2023-09-29T16:43:11 IST" duration-ms="9044" status="PASS">
          <reporter-output>
          </reporter-output>
        </test-method> <!-- setUp -->
        <test-method signature="inValidLoginTestScript()[pri:0, instance:testPackage.ActiTimeInvalidTestCase@1c5920df]" started-at="2023-09-29T16:43:11 IST" name="inValidLoginTestScript" finished-at="2023-09-29T16:43:29 IST" duration-ms="17564" status="PASS">
          <reporter-output>
          </reporter-output>
        </test-method> <!-- inValidLoginTestScript -->
        <test-method is-config="true" signature="tearDown()[pri:0, instance:testPackage.ActiTimeInvalidTestCase@1c5920df]" started-at="2023-09-29T16:43:29 IST" name="tearDown" finished-at="2023-09-29T16:43:29 IST" duration-ms="257" status="PASS">
          <reporter-output>
          </reporter-output>
        </test-method> <!-- tearDown -->
      </class> <!-- testPackage.ActiTimeInvalidTestCase -->
    </test> <!-- Test -->
  </suite> <!-- Suite -->
</testng-results>
