<?xml version="1.0" encoding="UTF-8"?>
<!-- Generated by org.testng.reporters.JUnitXMLReporter -->
<testsuite ignored="0" hostname="DESKTOP-F6UNPI1" failures="1" tests="1" name="Test(failed)" time="11.671" errors="0" timestamp="2023-09-29T16:36:51 IST">
  <testcase classname="testPackage.ActiTimeCreateProjects_Customers" name="createValidCustomer_ProjectTestScript" time="7.628">
    <failure type="java.lang.UnsupportedOperationException" message="You may only deselect options of a multi-select">
      <![CDATA[java.lang.UnsupportedOperationException: You may only deselect options of a multi-select
at org.openqa.selenium.support.ui.Select.deselectByVisibleText(Select.java:270)
at pagePackage.TasksPage.create_New_Project_Method(TasksPage.java:107)
at testPackage.ActiTimeCreateProjects_Customers.createValidCustomer_ProjectTestScript(ActiTimeCreateProjects_Customers.java:31)
at java.base/java.util.ArrayList.forEach(ArrayList.java:1511)
... Removed 27 stack frames]]>
    </failure>
  </testcase> <!-- createValidCustomer_ProjectTestScript -->
</testsuite> <!-- Test(failed) -->
