<?xml version="1.0" encoding="UTF-8"?>
<!-- Generated by org.testng.reporters.JUnitXMLReporter -->
<testsuite ignored="0" hostname="DESKTOP-F6UNPI1" failures="0" tests="6" name="Test" time="0.191" errors="0" timestamp="2023-09-24T11:52:27 IST">
  <testcase classname="testNGExecution.TestNGClass2" name="method3" time="0.017"/>
  <testcase classname="testNGExecution.TestNGClass2" name="method4" time="0.01"/>
  <testcase classname="testNGExecution.TestNGClass3" name="method5" time="0.006"/>
  <testcase classname="testNGExecution.TestNGClass3" name="method6" time="0.006"/>
  <testcase classname="testNGExecution.TestNGClass1" name="method1" time="0.011"/>
  <testcase classname="testNGExecution.TestNGClass1" name="method2" time="0.003"/>
</testsuite> <!-- Test -->
